<?xml version="1.0" encoding="UTF-8"?>
<!-- Generated by org.testng.reporters.JUnitReportReporter -->
<testsuite skipped="0" hostname="DESKTOP-C7BVS66" name="application1.Test1" tests="1" failures="0" timestamp="2020-05-14T17:37:54 CDT" time="19.404" errors="0">
  <testcase name="verifyHomepageTitle" time="19.404" classname="application1.Test1"/>
  <system-out/>
</testsuite> <!-- application1.Test1 -->
